  [1m[35m (259.5ms)[0m  [1m[35mCREATE DATABASE "_development" ENCODING = 'unicode'[0m
  [1m[35m (260.5ms)[0m  [1m[35mCREATE DATABASE "_test" ENCODING = 'unicode'[0m
  [1m[35mSQL (1.2ms)[0m  [1m[35mCREATE EXTENSION IF NOT EXISTS "plpgsql"[0m
  [1m[35m (1.9ms)[0m  [1m[35mDROP TABLE IF EXISTS "appointments" CASCADE[0m
  [1m[35m (32.7ms)[0m  [1m[35mCREATE TABLE "appointments" ("id" bigserial primary key, "doctor_id" bigint, "patient_id" bigint, "created_at" timestamp(6) NOT NULL, "updated_at" timestamp(6) NOT NULL, "start_time" timestamp NOT NULL, "duration_in_minutes" integer DEFAULT 0)[0m
  [1m[35m (25.1ms)[0m  [1m[35mCREATE  INDEX  "index_appointments_on_doctor_id" ON "appointments"  ("doctor_id")[0m
  [1m[35m (7.6ms)[0m  [1m[35mCREATE  INDEX  "index_appointments_on_patient_id" ON "appointments"  ("patient_id")[0m
  [1m[35m (1.8ms)[0m  [1m[35mDROP TABLE IF EXISTS "doctors" CASCADE[0m
  [1m[35m (12.7ms)[0m  [1m[35mCREATE TABLE "doctors" ("id" bigserial primary key, "name" character varying NOT NULL, "created_at" timestamp(6) NOT NULL, "updated_at" timestamp(6) NOT NULL)[0m
  [1m[35m (0.8ms)[0m  [1m[35mDROP TABLE IF EXISTS "patients" CASCADE[0m
  [1m[35m (9.6ms)[0m  [1m[35mCREATE TABLE "patients" ("id" bigserial primary key, "doctor_id" bigint, "name" character varying NOT NULL, "created_at" timestamp(6) NOT NULL, "updated_at" timestamp(6) NOT NULL)[0m
  [1m[35m (8.6ms)[0m  [1m[35mCREATE  INDEX  "index_patients_on_doctor_id" ON "patients"  ("doctor_id")[0m
  [1m[35m (15.4ms)[0m  [1m[35mCREATE TABLE "schema_migrations" ("version" character varying NOT NULL PRIMARY KEY)[0m
  [1m[35m (1.2ms)[0m  [1m[34mSELECT "schema_migrations"."version" FROM "schema_migrations" ORDER BY "schema_migrations"."version" ASC[0m
  [1m[35m (3.6ms)[0m  [1m[32mINSERT INTO "schema_migrations" (version) VALUES (20210330011442)[0m
  [1m[35m (2.8ms)[0m  [1m[32mINSERT INTO "schema_migrations" (version) VALUES
(20200925203025),
(20210323161831);

[0m
  [1m[35m (20.4ms)[0m  [1m[35mCREATE TABLE "ar_internal_metadata" ("key" character varying NOT NULL PRIMARY KEY, "value" character varying, "created_at" timestamp(6) NOT NULL, "updated_at" timestamp(6) NOT NULL)[0m
  [1m[36mActiveRecord::InternalMetadata Load (0.7ms)[0m  [1m[34mSELECT "ar_internal_metadata".* FROM "ar_internal_metadata" WHERE "ar_internal_metadata"."key" = $1 LIMIT $2[0m  [["key", "environment"], ["LIMIT", 1]]
  [1m[35m (0.5ms)[0m  [1m[35mBEGIN[0m
  [1m[36mActiveRecord::InternalMetadata Create (1.2ms)[0m  [1m[32mINSERT INTO "ar_internal_metadata" ("key", "value", "created_at", "updated_at") VALUES ($1, $2, $3, $4) RETURNING "key"[0m  [["key", "environment"], ["value", "development"], ["created_at", "2022-07-21 03:46:39.950067"], ["updated_at", "2022-07-21 03:46:39.950067"]]
  [1m[35m (2.7ms)[0m  [1m[35mCOMMIT[0m
  [1m[36mActiveRecord::InternalMetadata Load (0.6ms)[0m  [1m[34mSELECT "ar_internal_metadata".* FROM "ar_internal_metadata" WHERE "ar_internal_metadata"."key" = $1 LIMIT $2[0m  [["key", "environment"], ["LIMIT", 1]]
  [1m[36mActiveRecord::InternalMetadata Load (1.3ms)[0m  [1m[34mSELECT "ar_internal_metadata".* FROM "ar_internal_metadata" WHERE "ar_internal_metadata"."key" = $1 LIMIT $2[0m  [["key", "schema_sha1"], ["LIMIT", 1]]
  [1m[35m (0.5ms)[0m  [1m[35mBEGIN[0m
  [1m[36mActiveRecord::InternalMetadata Create (1.1ms)[0m  [1m[32mINSERT INTO "ar_internal_metadata" ("key", "value", "created_at", "updated_at") VALUES ($1, $2, $3, $4) RETURNING "key"[0m  [["key", "schema_sha1"], ["value", "46d035ee4f1624b98f50be85104d8c931f18db30"], ["created_at", "2022-07-21 03:46:39.988128"], ["updated_at", "2022-07-21 03:46:39.988128"]]
  [1m[35m (6.8ms)[0m  [1m[35mCOMMIT[0m
  [1m[35mSQL (2.5ms)[0m  [1m[35mCREATE EXTENSION IF NOT EXISTS "plpgsql"[0m
  [1m[35m (1.0ms)[0m  [1m[35mDROP TABLE IF EXISTS "appointments" CASCADE[0m
  [1m[35m (13.3ms)[0m  [1m[35mCREATE TABLE "appointments" ("id" bigserial primary key, "doctor_id" bigint, "patient_id" bigint, "created_at" timestamp(6) NOT NULL, "updated_at" timestamp(6) NOT NULL, "start_time" timestamp NOT NULL, "duration_in_minutes" integer DEFAULT 0)[0m
  [1m[35m (5.8ms)[0m  [1m[35mCREATE  INDEX  "index_appointments_on_doctor_id" ON "appointments"  ("doctor_id")[0m
  [1m[35m (8.3ms)[0m  [1m[35mCREATE  INDEX  "index_appointments_on_patient_id" ON "appointments"  ("patient_id")[0m
  [1m[35m (0.6ms)[0m  [1m[35mDROP TABLE IF EXISTS "doctors" CASCADE[0m
  [1m[35m (17.1ms)[0m  [1m[35mCREATE TABLE "doctors" ("id" bigserial primary key, "name" character varying NOT NULL, "created_at" timestamp(6) NOT NULL, "updated_at" timestamp(6) NOT NULL)[0m
  [1m[35m (0.8ms)[0m  [1m[35mDROP TABLE IF EXISTS "patients" CASCADE[0m
  [1m[35m (17.7ms)[0m  [1m[35mCREATE TABLE "patients" ("id" bigserial primary key, "doctor_id" bigint, "name" character varying NOT NULL, "created_at" timestamp(6) NOT NULL, "updated_at" timestamp(6) NOT NULL)[0m
  [1m[35m (9.3ms)[0m  [1m[35mCREATE  INDEX  "index_patients_on_doctor_id" ON "patients"  ("doctor_id")[0m
  [1m[35m (17.4ms)[0m  [1m[35mCREATE TABLE "schema_migrations" ("version" character varying NOT NULL PRIMARY KEY)[0m
  [1m[35m (1.4ms)[0m  [1m[34mSELECT "schema_migrations"."version" FROM "schema_migrations" ORDER BY "schema_migrations"."version" ASC[0m
  [1m[35m (4.7ms)[0m  [1m[32mINSERT INTO "schema_migrations" (version) VALUES (20210330011442)[0m
  [1m[35m (3.4ms)[0m  [1m[32mINSERT INTO "schema_migrations" (version) VALUES
(20200925203025),
(20210323161831);

[0m
  [1m[35m (15.7ms)[0m  [1m[35mCREATE TABLE "ar_internal_metadata" ("key" character varying NOT NULL PRIMARY KEY, "value" character varying, "created_at" timestamp(6) NOT NULL, "updated_at" timestamp(6) NOT NULL)[0m
  [1m[36mActiveRecord::InternalMetadata Load (0.6ms)[0m  [1m[34mSELECT "ar_internal_metadata".* FROM "ar_internal_metadata" WHERE "ar_internal_metadata"."key" = $1 LIMIT $2[0m  [["key", "environment"], ["LIMIT", 1]]
  [1m[35m (0.5ms)[0m  [1m[35mBEGIN[0m
  [1m[36mActiveRecord::InternalMetadata Create (0.9ms)[0m  [1m[32mINSERT INTO "ar_internal_metadata" ("key", "value", "created_at", "updated_at") VALUES ($1, $2, $3, $4) RETURNING "key"[0m  [["key", "environment"], ["value", "development"], ["created_at", "2022-07-21 03:46:40.312667"], ["updated_at", "2022-07-21 03:46:40.312667"]]
  [1m[35m (2.6ms)[0m  [1m[35mCOMMIT[0m
  [1m[36mActiveRecord::InternalMetadata Load (0.5ms)[0m  [1m[34mSELECT "ar_internal_metadata".* FROM "ar_internal_metadata" WHERE "ar_internal_metadata"."key" = $1 LIMIT $2[0m  [["key", "environment"], ["LIMIT", 1]]
  [1m[35m (0.5ms)[0m  [1m[35mBEGIN[0m
  [1m[36mActiveRecord::InternalMetadata Update (0.7ms)[0m  [1m[33mUPDATE "ar_internal_metadata" SET "value" = $1, "updated_at" = $2 WHERE "ar_internal_metadata"."key" = $3[0m  [["value", "test"], ["updated_at", "2022-07-21 03:46:40.344373"], ["key", "environment"]]
  [1m[35m (2.2ms)[0m  [1m[35mCOMMIT[0m
  [1m[36mActiveRecord::InternalMetadata Load (1.5ms)[0m  [1m[34mSELECT "ar_internal_metadata".* FROM "ar_internal_metadata" WHERE "ar_internal_metadata"."key" = $1 LIMIT $2[0m  [["key", "schema_sha1"], ["LIMIT", 1]]
  [1m[35m (1.0ms)[0m  [1m[35mBEGIN[0m
  [1m[36mActiveRecord::InternalMetadata Create (1.3ms)[0m  [1m[32mINSERT INTO "ar_internal_metadata" ("key", "value", "created_at", "updated_at") VALUES ($1, $2, $3, $4) RETURNING "key"[0m  [["key", "schema_sha1"], ["value", "46d035ee4f1624b98f50be85104d8c931f18db30"], ["created_at", "2022-07-21 03:46:40.379783"], ["updated_at", "2022-07-21 03:46:40.379783"]]
  [1m[35m (3.0ms)[0m  [1m[35mCOMMIT[0m
  [1m[35m (3.5ms)[0m  [1m[35mCREATE DATABASE "_development" ENCODING = 'unicode'[0m
  [1m[35m (17.0ms)[0m  [1m[35mCREATE DATABASE "_test" ENCODING = 'unicode'[0m
  [1m[35m (8.0ms)[0m  [1m[34mSELECT "schema_migrations"."version" FROM "schema_migrations" ORDER BY "schema_migrations"."version" ASC[0m
  [1m[35m (1.1ms)[0m  [1m[34mSELECT "ar_internal_metadata"."value" FROM "ar_internal_metadata" WHERE "ar_internal_metadata"."key" = $1[0m  [["key", "environment"]]
  [1m[35m (1.0ms)[0m  [1m[34mSELECT "schema_migrations"."version" FROM "schema_migrations" ORDER BY "schema_migrations"."version" ASC[0m
  [1m[35m (1.5ms)[0m  [1m[34mSELECT "ar_internal_metadata"."value" FROM "ar_internal_metadata" WHERE "ar_internal_metadata"."key" = $1[0m  [["key", "environment"]]
  [1m[35m (1.2ms)[0m  [1m[34mSELECT "schema_migrations"."version" FROM "schema_migrations" ORDER BY "schema_migrations"."version" ASC[0m
  [1m[35m (1.9ms)[0m  [1m[34mSELECT "ar_internal_metadata"."value" FROM "ar_internal_metadata" WHERE "ar_internal_metadata"."key" = $1[0m  [["key", "environment"]]
  [1m[35mSQL (4.3ms)[0m  [1m[35mCREATE EXTENSION IF NOT EXISTS "plpgsql"[0m
  [1m[35m (71.3ms)[0m  [1m[35mDROP TABLE IF EXISTS "appointments" CASCADE[0m
  [1m[35m (34.2ms)[0m  [1m[35mCREATE TABLE "appointments" ("id" bigserial primary key, "doctor_id" bigint, "patient_id" bigint, "created_at" timestamp(6) NOT NULL, "updated_at" timestamp(6) NOT NULL, "start_time" timestamp NOT NULL, "duration_in_minutes" integer DEFAULT 0)[0m
  [1m[35m (9.7ms)[0m  [1m[35mCREATE  INDEX  "index_appointments_on_doctor_id" ON "appointments"  ("doctor_id")[0m
  [1m[35m (17.5ms)[0m  [1m[35mCREATE  INDEX  "index_appointments_on_patient_id" ON "appointments"  ("patient_id")[0m
  [1m[35m (9.2ms)[0m  [1m[35mDROP TABLE IF EXISTS "doctors" CASCADE[0m
  [1m[35m (32.4ms)[0m  [1m[35mCREATE TABLE "doctors" ("id" bigserial primary key, "name" character varying NOT NULL, "created_at" timestamp(6) NOT NULL, "updated_at" timestamp(6) NOT NULL)[0m
  [1m[35m (28.0ms)[0m  [1m[35mDROP TABLE IF EXISTS "patients" CASCADE[0m
  [1m[35m (22.0ms)[0m  [1m[35mCREATE TABLE "patients" ("id" bigserial primary key, "doctor_id" bigint, "name" character varying NOT NULL, "created_at" timestamp(6) NOT NULL, "updated_at" timestamp(6) NOT NULL)[0m
  [1m[35m (10.7ms)[0m  [1m[35mCREATE  INDEX  "index_patients_on_doctor_id" ON "patients"  ("doctor_id")[0m
  [1m[35m (1.4ms)[0m  [1m[34mSELECT "schema_migrations"."version" FROM "schema_migrations" ORDER BY "schema_migrations"."version" ASC[0m
  [1m[36mActiveRecord::InternalMetadata Load (3.8ms)[0m  [1m[34mSELECT "ar_internal_metadata".* FROM "ar_internal_metadata" WHERE "ar_internal_metadata"."key" = $1 LIMIT $2[0m  [["key", "environment"], ["LIMIT", 1]]
  [1m[36mActiveRecord::InternalMetadata Load (0.9ms)[0m  [1m[34mSELECT "ar_internal_metadata".* FROM "ar_internal_metadata" WHERE "ar_internal_metadata"."key" = $1 LIMIT $2[0m  [["key", "environment"], ["LIMIT", 1]]
  [1m[36mActiveRecord::InternalMetadata Load (1.6ms)[0m  [1m[34mSELECT "ar_internal_metadata".* FROM "ar_internal_metadata" WHERE "ar_internal_metadata"."key" = $1 LIMIT $2[0m  [["key", "schema_sha1"], ["LIMIT", 1]]
  [1m[35mSQL (6.9ms)[0m  [1m[35mCREATE EXTENSION IF NOT EXISTS "plpgsql"[0m
  [1m[35m (49.4ms)[0m  [1m[35mDROP TABLE IF EXISTS "appointments" CASCADE[0m
  [1m[35m (25.6ms)[0m  [1m[35mCREATE TABLE "appointments" ("id" bigserial primary key, "doctor_id" bigint, "patient_id" bigint, "created_at" timestamp(6) NOT NULL, "updated_at" timestamp(6) NOT NULL, "start_time" timestamp NOT NULL, "duration_in_minutes" integer DEFAULT 0)[0m
  [1m[35m (9.6ms)[0m  [1m[35mCREATE  INDEX  "index_appointments_on_doctor_id" ON "appointments"  ("doctor_id")[0m
  [1m[35m (7.4ms)[0m  [1m[35mCREATE  INDEX  "index_appointments_on_patient_id" ON "appointments"  ("patient_id")[0m
  [1m[35m (5.9ms)[0m  [1m[35mDROP TABLE IF EXISTS "doctors" CASCADE[0m
  [1m[35m (101.0ms)[0m  [1m[35mCREATE TABLE "doctors" ("id" bigserial primary key, "name" character varying NOT NULL, "created_at" timestamp(6) NOT NULL, "updated_at" timestamp(6) NOT NULL)[0m
  [1m[35m (15.8ms)[0m  [1m[35mDROP TABLE IF EXISTS "patients" CASCADE[0m
  [1m[35m (23.0ms)[0m  [1m[35mCREATE TABLE "patients" ("id" bigserial primary key, "doctor_id" bigint, "name" character varying NOT NULL, "created_at" timestamp(6) NOT NULL, "updated_at" timestamp(6) NOT NULL)[0m
  [1m[35m (9.1ms)[0m  [1m[35mCREATE  INDEX  "index_patients_on_doctor_id" ON "patients"  ("doctor_id")[0m
  [1m[35m (1.4ms)[0m  [1m[34mSELECT "schema_migrations"."version" FROM "schema_migrations" ORDER BY "schema_migrations"."version" ASC[0m
  [1m[36mActiveRecord::InternalMetadata Load (0.9ms)[0m  [1m[34mSELECT "ar_internal_metadata".* FROM "ar_internal_metadata" WHERE "ar_internal_metadata"."key" = $1 LIMIT $2[0m  [["key", "environment"], ["LIMIT", 1]]
  [1m[35m (1.0ms)[0m  [1m[35mBEGIN[0m
  [1m[36mActiveRecord::InternalMetadata Update (1.3ms)[0m  [1m[33mUPDATE "ar_internal_metadata" SET "value" = $1, "updated_at" = $2 WHERE "ar_internal_metadata"."key" = $3[0m  [["value", "development"], ["updated_at", "2022-07-23 01:23:17.241635"], ["key", "environment"]]
  [1m[35m (3.5ms)[0m  [1m[35mCOMMIT[0m
  [1m[36mActiveRecord::InternalMetadata Load (1.1ms)[0m  [1m[34mSELECT "ar_internal_metadata".* FROM "ar_internal_metadata" WHERE "ar_internal_metadata"."key" = $1 LIMIT $2[0m  [["key", "environment"], ["LIMIT", 1]]
  [1m[35m (0.9ms)[0m  [1m[35mBEGIN[0m
  [1m[36mActiveRecord::InternalMetadata Update (1.4ms)[0m  [1m[33mUPDATE "ar_internal_metadata" SET "value" = $1, "updated_at" = $2 WHERE "ar_internal_metadata"."key" = $3[0m  [["value", "test"], ["updated_at", "2022-07-23 01:23:17.271174"], ["key", "environment"]]
  [1m[35m (4.2ms)[0m  [1m[35mCOMMIT[0m
  [1m[36mActiveRecord::InternalMetadata Load (1.0ms)[0m  [1m[34mSELECT "ar_internal_metadata".* FROM "ar_internal_metadata" WHERE "ar_internal_metadata"."key" = $1 LIMIT $2[0m  [["key", "schema_sha1"], ["LIMIT", 1]]
